<?xml version="1.0" encoding="UTF-8"?>
<!-- Generated by org.testng.reporters.JUnitXMLReporter -->
<testsuite ignored="0" hostname="UDAY" failures="0" tests="5" name="Default test" time="17.202" errors="0" timestamp="2022-09-23T19:38:39 IST">
  <testcase classname="sep21.AppTest" name="VerifyLogin" time="2.912"/>
  <testcase classname="sep21.AppTest" name="VerifyLogin" time="1.786"/>
  <testcase classname="sep21.AppTest" name="VerifyLogin" time="1.113"/>
  <testcase classname="sep21.AppTest" name="VerifyLogin" time="0.8"/>
  <testcase classname="sep21.AppTest" name="VerifyLogin" time="0.8"/>
</testsuite> <!-- Default test -->
