<?xml version="1.0" encoding="UTF-8"?>
<testng-results ignored="0" total="5" passed="5" failed="0" skipped="0">
  <reporter-output>
    <line>
      <![CDATA[Login successdashboard   http://orangehrm.qedgetech.com/symfony/web/index.php/dashboard]]>
    </line>
    <line>
      <![CDATA[Login Faildashboard   http://orangehrm.qedgetech.com/symfony/web/index.php/auth/validateCredentials]]>
    </line>
    <line>
      <![CDATA[Login Faildashboard   http://orangehrm.qedgetech.com/symfony/web/index.php/auth/validateCredentials]]>
    </line>
    <line>
      <![CDATA[Login Faildashboard   http://orangehrm.qedgetech.com/symfony/web/index.php/auth/validateCredentials]]>
    </line>
    <line>
      <![CDATA[Login Faildashboard   http://orangehrm.qedgetech.com/symfony/web/index.php/auth/validateCredentials]]>
    </line>
  </reporter-output>
  <suite started-at="2022-09-23T19:38:22 IST" name="Default suite" finished-at="2022-09-23T19:38:39 IST" duration-ms="17202">
    <groups>
    </groups>
    <test started-at="2022-09-23T19:38:22 IST" name="Default test" finished-at="2022-09-23T19:38:39 IST" duration-ms="17202">
      <class name="sep21.AppTest">
        <test-method is-config="true" signature="setUp()[pri:0, instance:sep21.AppTest@25641d39]" started-at="2022-09-23T19:38:22 IST" name="setUp" finished-at="2022-09-23T19:38:31 IST" duration-ms="9334" status="PASS">
          <reporter-output>
          </reporter-output>
        </test-method> <!-- setUp -->
        <test-method signature="VerifyLogin(java.lang.String, java.lang.String)[pri:0, instance:sep21.AppTest@25641d39]" started-at="2022-09-23T19:38:31 IST" name="VerifyLogin" data-provider="dp" finished-at="2022-09-23T19:38:34 IST" duration-ms="2912" status="PASS">
          <params>
            <param index="0">
              <value>
                <![CDATA[Admin]]>
              </value>
            </param>
            <param index="1">
              <value>
                <![CDATA[Qedge123!@#]]>
              </value>
            </param>
          </params>
          <reporter-output>
            <line>
              <![CDATA[Login successdashboard   http://orangehrm.qedgetech.com/symfony/web/index.php/dashboard]]>
            </line>
          </reporter-output>
        </test-method> <!-- VerifyLogin -->
        <test-method signature="VerifyLogin(java.lang.String, java.lang.String)[pri:0, instance:sep21.AppTest@25641d39]" started-at="2022-09-23T19:38:34 IST" name="VerifyLogin" data-provider="dp" finished-at="2022-09-23T19:38:36 IST" duration-ms="1786" status="PASS">
          <params>
            <param index="0">
              <value>
                <![CDATA[test]]>
              </value>
            </param>
            <param index="1">
              <value>
                <![CDATA[Qedeg123!@#]]>
              </value>
            </param>
          </params>
          <reporter-output>
            <line>
              <![CDATA[Login Faildashboard   http://orangehrm.qedgetech.com/symfony/web/index.php/auth/validateCredentials]]>
            </line>
          </reporter-output>
        </test-method> <!-- VerifyLogin -->
        <test-method signature="VerifyLogin(java.lang.String, java.lang.String)[pri:0, instance:sep21.AppTest@25641d39]" started-at="2022-09-23T19:38:36 IST" name="VerifyLogin" data-provider="dp" finished-at="2022-09-23T19:38:37 IST" duration-ms="1113" status="PASS">
          <params>
            <param index="0">
              <value>
                <![CDATA[Admin]]>
              </value>
            </param>
            <param index="1">
              <value>
                <![CDATA[Qedeg123!@#]]>
              </value>
            </param>
          </params>
          <reporter-output>
            <line>
              <![CDATA[Login Faildashboard   http://orangehrm.qedgetech.com/symfony/web/index.php/auth/validateCredentials]]>
            </line>
          </reporter-output>
        </test-method> <!-- VerifyLogin -->
        <test-method signature="VerifyLogin(java.lang.String, java.lang.String)[pri:0, instance:sep21.AppTest@25641d39]" started-at="2022-09-23T19:38:37 IST" name="VerifyLogin" data-provider="dp" finished-at="2022-09-23T19:38:38 IST" duration-ms="800" status="PASS">
          <params>
            <param index="0">
              <value>
                <![CDATA[test1]]>
              </value>
            </param>
            <param index="1">
              <value>
                <![CDATA[Qedeg123]]>
              </value>
            </param>
          </params>
          <reporter-output>
            <line>
              <![CDATA[Login Faildashboard   http://orangehrm.qedgetech.com/symfony/web/index.php/auth/validateCredentials]]>
            </line>
          </reporter-output>
        </test-method> <!-- VerifyLogin -->
        <test-method signature="VerifyLogin(java.lang.String, java.lang.String)[pri:0, instance:sep21.AppTest@25641d39]" started-at="2022-09-23T19:38:38 IST" name="VerifyLogin" data-provider="dp" finished-at="2022-09-23T19:38:38 IST" duration-ms="800" status="PASS">
          <params>
            <param index="0">
              <value>
                <![CDATA[vinay]]>
              </value>
            </param>
            <param index="1">
              <value>
                <![CDATA[Qedeg123]]>
              </value>
            </param>
          </params>
          <reporter-output>
            <line>
              <![CDATA[Login Faildashboard   http://orangehrm.qedgetech.com/symfony/web/index.php/auth/validateCredentials]]>
            </line>
          </reporter-output>
        </test-method> <!-- VerifyLogin -->
        <test-method is-config="true" signature="tearDown()[pri:0, instance:sep21.AppTest@25641d39]" started-at="2022-09-23T19:38:38 IST" name="tearDown" finished-at="2022-09-23T19:38:39 IST" duration-ms="369" status="PASS">
          <reporter-output>
          </reporter-output>
        </test-method> <!-- tearDown -->
      </class> <!-- sep21.AppTest -->
    </test> <!-- Default test -->
  </suite> <!-- Default suite -->
</testng-results>
